<?xml version="1.0" encoding="UTF-8"?>
<!-- Generated by org.testng.reporters.JUnitXMLReporter -->
<testsuite ignored="8" hostname="DESKTOP-8U4S44M" failures="0" tests="3" name="chromeBrowser" time="60.544" errors="0" timestamp="2023-07-10T15:14:09 IST">
  <testcase classname="com.pygacrm.opportunity.CreateOpportuninyAllFieldsTest" name="opportunityWithAllFields" time="15.119"/>
  <testcase classname="com.pygacrm.opportunity.CreateOpportunityWithRelatedToContactsTest" name="createOPPWithContact" time="10.67"/>
  <testcase classname="com.pygacrm.opportunity.CreateOpportunityTest" name="CreateOpportunityWithName" time="11.532"/>
  <testcase classname="com.Pyga.Vtigergenericutlity.BaseClass" name="@BeforeSuite connectTODB" time="0.0">
    <ignored/>
  </testcase> <!-- @BeforeSuite connectTODB -->
  <testcase classname="com.Pyga.Vtigergenericutlity.BaseClass" name="@AfterSuite closeDB" time="0.0">
    <ignored/>
  </testcase> <!-- @AfterSuite closeDB -->
  <testcase classname="com.Pyga.Vtigergenericutlity.BaseClass" name="@BeforeTest bTest" time="0.0">
    <ignored/>
  </testcase> <!-- @BeforeTest bTest -->
  <testcase classname="com.Pyga.Vtigergenericutlity.BaseClass" name="@BeforeSuite connectTODB" time="0.0">
    <ignored/>
  </testcase> <!-- @BeforeSuite connectTODB -->
  <testcase classname="com.Pyga.Vtigergenericutlity.BaseClass" name="@BeforeTest bTest" time="0.0">
    <ignored/>
  </testcase> <!-- @BeforeTest bTest -->
  <testcase classname="com.Pyga.Vtigergenericutlity.BaseClass" name="@AfterTest aTest" time="0.0">
    <ignored/>
  </testcase> <!-- @AfterTest aTest -->
  <testcase classname="com.Pyga.Vtigergenericutlity.BaseClass" name="@AfterTest aTest" time="0.0">
    <ignored/>
  </testcase> <!-- @AfterTest aTest -->
  <testcase classname="com.Pyga.Vtigergenericutlity.BaseClass" name="@AfterSuite closeDB" time="0.0">
    <ignored/>
  </testcase> <!-- @AfterSuite closeDB -->
</testsuite> <!-- chromeBrowser -->
