<?xml version="1.0" encoding="UTF-8"?>
<!-- Generated by org.testng.reporters.JUnitXMLReporter -->
<testsuite ignored="8" hostname="DESKTOP-8U4S44M" failures="0" tests="3" name="edgeBrowser" time="60.872" errors="0" timestamp="2023-07-10T15:14:09 IST">
  <testcase classname="com.pygacrm.opportunity.CreateOpportunityWithDropdownsTest" name="createOppWithDropdown" time="11.114"/>
  <testcase classname="com.pygacrm.opportunity.CreateOpportunityWithExpectedCloseDateTest" name="expectedCloseDate" time="10.876"/>
  <testcase classname="com.pygacrm.opportunity.CreateOpportuninyAllFieldsTest" name="opportunityWithAllFields" time="16.736"/>
  <testcase classname="com.Pyga.Vtigergenericutlity.BaseClass" name="@BeforeSuite connectTODB" time="0.0">
    <ignored/>
  </testcase> <!-- @BeforeSuite connectTODB -->
  <testcase classname="com.Pyga.Vtigergenericutlity.BaseClass" name="@BeforeSuite connectTODB" time="0.0">
    <ignored/>
  </testcase> <!-- @BeforeSuite connectTODB -->
  <testcase classname="com.Pyga.Vtigergenericutlity.BaseClass" name="@BeforeTest bTest" time="0.0">
    <ignored/>
  </testcase> <!-- @BeforeTest bTest -->
  <testcase classname="com.Pyga.Vtigergenericutlity.BaseClass" name="@AfterSuite closeDB" time="0.0">
    <ignored/>
  </testcase> <!-- @AfterSuite closeDB -->
  <testcase classname="com.Pyga.Vtigergenericutlity.BaseClass" name="@AfterSuite closeDB" time="0.0">
    <ignored/>
  </testcase> <!-- @AfterSuite closeDB -->
  <testcase classname="com.Pyga.Vtigergenericutlity.BaseClass" name="@AfterTest aTest" time="0.0">
    <ignored/>
  </testcase> <!-- @AfterTest aTest -->
  <testcase classname="com.Pyga.Vtigergenericutlity.BaseClass" name="@AfterTest aTest" time="0.0">
    <ignored/>
  </testcase> <!-- @AfterTest aTest -->
  <testcase classname="com.Pyga.Vtigergenericutlity.BaseClass" name="@BeforeTest bTest" time="0.0">
    <ignored/>
  </testcase> <!-- @BeforeTest bTest -->
</testsuite> <!-- edgeBrowser -->
