<?xml version="1.0" encoding="UTF-8"?>
<!-- Generated by org.testng.reporters.JUnitXMLReporter -->
<testsuite ignored="17" hostname="DESKTOP-8U4S44M" failures="0" tests="4" name="Test" time="62.785" errors="0" timestamp="2023-07-11T15:12:12 IST">
  <testcase classname="com.pygacrm.opportunity.CreateOpportunityWithExpectedCloseDateTest" name="expectedCloseDate" time="9.13"/>
  <testcase classname="com.pygacrm.opportunity.CreateOpportuninyAllFieldsTest" name="opportunityWithAllFields" time="11.868"/>
  <testcase classname="com.pygacrm.opportunity.CreateOpportunityWithRelatedToContactsTest" name="createOPPWithContact" time="8.908"/>
  <testcase classname="com.pygacrm.opportunity.CreateOpportunityTest" name="CreateOpportunityWithName" time="8.679"/>
  <testcase classname="com.pygacrm.opportunity.CreateOpportunityWithDropdownsTest" name="createOppWithDropdown" time="0.0">
    <ignored/>
  </testcase> <!-- createOppWithDropdown -->
  <testcase classname="com.Pyga.Vtigergenericutlity.BaseClass" name="@BeforeSuite connectTODB" time="0.0">
    <ignored/>
  </testcase> <!-- @BeforeSuite connectTODB -->
  <testcase classname="com.Pyga.Vtigergenericutlity.BaseClass" name="@BeforeTest bTest" time="0.0">
    <ignored/>
  </testcase> <!-- @BeforeTest bTest -->
  <testcase classname="com.Pyga.Vtigergenericutlity.BaseClass" name="@BeforeSuite connectTODB" time="0.0">
    <ignored/>
  </testcase> <!-- @BeforeSuite connectTODB -->
  <testcase classname="com.Pyga.Vtigergenericutlity.BaseClass" name="@BeforeTest bTest" time="0.0">
    <ignored/>
  </testcase> <!-- @BeforeTest bTest -->
  <testcase classname="com.Pyga.Vtigergenericutlity.BaseClass" name="@AfterSuite closeDB" time="0.0">
    <ignored/>
  </testcase> <!-- @AfterSuite closeDB -->
  <testcase classname="com.Pyga.Vtigergenericutlity.BaseClass" name="@BeforeSuite connectTODB" time="0.0">
    <ignored/>
  </testcase> <!-- @BeforeSuite connectTODB -->
  <testcase classname="com.Pyga.Vtigergenericutlity.BaseClass" name="@AfterTest aTest" time="0.0">
    <ignored/>
  </testcase> <!-- @AfterTest aTest -->
  <testcase classname="com.Pyga.Vtigergenericutlity.BaseClass" name="@BeforeSuite connectTODB" time="0.0">
    <ignored/>
  </testcase> <!-- @BeforeSuite connectTODB -->
  <testcase classname="com.Pyga.Vtigergenericutlity.BaseClass" name="@BeforeTest bTest" time="0.0">
    <ignored/>
  </testcase> <!-- @BeforeTest bTest -->
  <testcase classname="com.Pyga.Vtigergenericutlity.BaseClass" name="@AfterSuite closeDB" time="0.0">
    <ignored/>
  </testcase> <!-- @AfterSuite closeDB -->
  <testcase classname="com.Pyga.Vtigergenericutlity.BaseClass" name="@AfterSuite closeDB" time="0.0">
    <ignored/>
  </testcase> <!-- @AfterSuite closeDB -->
  <testcase classname="com.Pyga.Vtigergenericutlity.BaseClass" name="@AfterTest aTest" time="0.0">
    <ignored/>
  </testcase> <!-- @AfterTest aTest -->
  <testcase classname="com.Pyga.Vtigergenericutlity.BaseClass" name="@BeforeTest bTest" time="0.0">
    <ignored/>
  </testcase> <!-- @BeforeTest bTest -->
  <testcase classname="com.Pyga.Vtigergenericutlity.BaseClass" name="@AfterTest aTest" time="0.0">
    <ignored/>
  </testcase> <!-- @AfterTest aTest -->
  <testcase classname="com.Pyga.Vtigergenericutlity.BaseClass" name="@AfterTest aTest" time="0.0">
    <ignored/>
  </testcase> <!-- @AfterTest aTest -->
  <testcase classname="com.Pyga.Vtigergenericutlity.BaseClass" name="@AfterSuite closeDB" time="0.0">
    <ignored/>
  </testcase> <!-- @AfterSuite closeDB -->
</testsuite> <!-- Test -->
